<?xml version="1.0" encoding="UTF-8" ?>
<testsuite tests="1" failures="0" name="com.cqu.edu.ebmis.utils.AppTest" time="0.014" errors="0" skipped="0">
  <properties>
    <property name="java.runtime.name" value="Java(TM) SE Runtime Environment"/>
    <property name="sun.boot.library.path" value="D:\windowstoolssetup\Java\jdk1.8.0_73\jre\bin"/>
    <property name="java.vm.version" value="25.73-b02"/>
    <property name="java.vm.vendor" value="Oracle Corporation"/>
    <property name="java.vendor.url" value="http://java.oracle.com/"/>
    <property name="path.separator" value=";"/>
    <property name="guice.disable.misplaced.annotation.check" value="true"/>
    <property name="java.vm.name" value="Java HotSpot(TM) 64-Bit Server VM"/>
    <property name="file.encoding.pkg" value="sun.io"/>
    <property name="user.script" value=""/>
    <property name="user.country" value="CN"/>
    <property name="sun.java.launcher" value="SUN_STANDARD"/>
    <property name="sun.os.patch.level" value=""/>
    <property name="java.vm.specification.name" value="Java Virtual Machine Specification"/>
    <property name="user.dir" value="D:\windowstoolssetup\Java\findpath-workspace\ebmis-parent"/>
    <property name="java.runtime.version" value="1.8.0_73-b02"/>
    <property name="java.awt.graphicsenv" value="sun.awt.Win32GraphicsEnvironment"/>
    <property name="java.endorsed.dirs" value="D:\windowstoolssetup\Java\jdk1.8.0_73\jre\lib\endorsed"/>
    <property name="os.arch" value="amd64"/>
    <property name="java.io.tmpdir" value="C:\Users\mxl\AppData\Local\Temp\"/>
    <property name="line.separator" value="
"/>
    <property name="java.vm.specification.vendor" value="Oracle Corporation"/>
    <property name="user.variant" value=""/>
    <property name="os.name" value="Windows 10"/>
    <property name="classworlds.conf" value="D:\windowstoolssetup\Java\apache-maven-3.2.3\bin\..\bin\m2.conf"/>
    <property name="sun.jnu.encoding" value="GBK"/>
    <property name="java.library.path" value="D:\windowstoolssetup\Java\jdk1.8.0_73\bin;C:\WINDOWS\Sun\Java\bin;C:\WINDOWS\system32;C:\WINDOWS;C:\ProgramData\Oracle\Java\javapath;C:\Program Files (x86)\Intel\iCLS Client\;C:\Program Files\Intel\iCLS Client\;C:\WINDOWS\system32;C:\WINDOWS;C:\WINDOWS\System32\Wbem;C:\WINDOWS\System32\WindowsPowerShell\v1.0\;C:\Program Files\Intel\Intel(R) Management Engine Components\DAL;C:\Program Files (x86)\Intel\Intel(R) Management Engine Components\DAL;C:\Program Files\Intel\Intel(R) Management Engine Components\IPT;C:\Program Files (x86)\Intel\Intel(R) Management Engine Components\IPT;C:\Program Files (x86)\ATI Technologies\ATI.ACE\Core-Static;C:\ProgramData\Lenovo\ReadyApps;D:\windowstoolssetup\Java\jdk1.8.0_73\bin;D:\windowstoolssetup\Java\apache-maven-3.2.3\bin;D:\windowstoolssetup\MATLAB\R2014a\runtime\win64;D:\windowstoolssetup\MATLAB\R2014a\bin;D:\windowstoolssetup\MATLAB\R2014a\polyspace\bin;D:\windowstoolssetup\Java\apache-ant-1.9.6\bin;D:\windowstoolssetup\Java\gradle-2.11\bin;C:\WINDOWS\system32\config\systemprofile\.dnx\bin;C:\Program Files\Microsoft DNX\Dnvm\;C:\Program Files (x86)\Windows Kits\8.1\Windows Performance Toolkit\;D:\windowstoolssetup\nodejs\;D:\windowstoolssetup\Java\nexus-3.0.1-01\bin;D:\windowstoolssetup\Groovy\Groovy-2.4.7\bin;C:\Program Files\Calibre2\;D:\windowstoolssetup\Python\Python35;D:\windowstoolssetup\Python\Python35\Scripts;D:\windowstoolssetup\MiKTeX 2.9\miktex\bin\x64\;D:\windowstoolssetup\Go\bin;C:\Program Files\OpenVPN\bin;D:\DLR\Sumo\bin\;D:\DLR\Sumo\tools\;D:\windowstoolssetup\Microsoft Visual Studio\Common\Tools\WinNT;D:\windowstoolssetup\Microsoft Visual Studio\Common\MSDev98\Bin;D:\windowstoolssetup\Microsoft Visual Studio\Common\Tools;D:\windowstoolssetup\Microsoft Visual Studio\VC98\bin;C:\Users\mxl\AppData\Roaming\npm;%USERPROFILE%\AppData\Local\Microsoft\WindowsApps;;."/>
    <property name="java.specification.name" value="Java Platform API Specification"/>
    <property name="java.class.version" value="52.0"/>
    <property name="sun.management.compiler" value="HotSpot 64-Bit Tiered Compilers"/>
    <property name="os.version" value="10.0"/>
    <property name="user.home" value="C:\Users\mxl"/>
    <property name="user.timezone" value="Asia/Shanghai"/>
    <property name="java.awt.printerjob" value="sun.awt.windows.WPrinterJob"/>
    <property name="java.specification.version" value="1.8"/>
    <property name="file.encoding" value="GBK"/>
    <property name="user.name" value="mxl"/>
    <property name="java.class.path" value="D:\windowstoolssetup\Java\apache-maven-3.2.3\bin\..\boot\plexus-classworlds-2.5.1.jar"/>
    <property name="java.vm.specification.version" value="1.8"/>
    <property name="sun.arch.data.model" value="64"/>
    <property name="java.home" value="D:\windowstoolssetup\Java\jdk1.8.0_73\jre"/>
    <property name="sun.java.command" value="org.codehaus.plexus.classworlds.launcher.Launcher clean install"/>
    <property name="java.specification.vendor" value="Oracle Corporation"/>
    <property name="user.language" value="zh"/>
    <property name="awt.toolkit" value="sun.awt.windows.WToolkit"/>
    <property name="java.vm.info" value="mixed mode"/>
    <property name="java.version" value="1.8.0_73"/>
    <property name="java.ext.dirs" value="D:\windowstoolssetup\Java\jdk1.8.0_73\jre\lib\ext;C:\WINDOWS\Sun\Java\lib\ext"/>
    <property name="sun.boot.class.path" value="D:\windowstoolssetup\Java\jdk1.8.0_73\jre\lib\resources.jar;D:\windowstoolssetup\Java\jdk1.8.0_73\jre\lib\rt.jar;D:\windowstoolssetup\Java\jdk1.8.0_73\jre\lib\sunrsasign.jar;D:\windowstoolssetup\Java\jdk1.8.0_73\jre\lib\jsse.jar;D:\windowstoolssetup\Java\jdk1.8.0_73\jre\lib\jce.jar;D:\windowstoolssetup\Java\jdk1.8.0_73\jre\lib\charsets.jar;D:\windowstoolssetup\Java\jdk1.8.0_73\jre\lib\jfr.jar;D:\windowstoolssetup\Java\jdk1.8.0_73\jre\classes"/>
    <property name="sun.stderr.encoding" value="ms936"/>
    <property name="java.vendor" value="Oracle Corporation"/>
    <property name="maven.home" value="D:\windowstoolssetup\Java\apache-maven-3.2.3\bin\.."/>
    <property name="file.separator" value="\"/>
    <property name="java.vendor.url.bug" value="http://bugreport.sun.com/bugreport/"/>
    <property name="sun.cpu.endian" value="little"/>
    <property name="sun.io.unicode.encoding" value="UnicodeLittle"/>
    <property name="sun.stdout.encoding" value="ms936"/>
    <property name="sun.desktop" value="windows"/>
    <property name="sun.cpu.isalist" value="amd64"/>
  </properties>
  <testcase classname="com.cqu.edu.ebmis.utils.AppTest" name="testApp" time="0.014"/>
</testsuite>